<?xml version="1.0" encoding="UTF-8"?>
<testng-results skipped="0" failed="1" ignored="3" total="4" passed="0">
  <reporter-output>
    <line>
      <![CDATA[*****Browser Session Started*****]]>
    </line>
    <line>
      <![CDATA[*****Application Started*****]]>
    </line>
    <line>
      <![CDATA[*****Browser Session Ended*****]]>
    </line>
  </reporter-output>
  <suite name="Default suite" duration-ms="32368" started-at="2020-07-25T15:51:26 IST" finished-at="2020-07-25T15:51:59 IST">
    <groups>
      <group name="Acceptance">
        <method signature="Platform_Sign_Up.test_Registration_LabelText_Matching()[pri:0, instance:Test.Platform_Sign_Up@6737fd8f]" name="test_Registration_LabelText_Matching" class="Test.Platform_Sign_Up"/>
      </group> <!-- Acceptance -->
    </groups>
    <test name="Default test" duration-ms="32368" started-at="2020-07-25T15:51:26 IST" finished-at="2020-07-25T15:51:59 IST">
      <class name="Test.Platform_Sign_Up">
        <test-method status="PASS" signature="initiateBrowser()[pri:0, instance:Test.Platform_Sign_Up@6737fd8f]" name="initiateBrowser" is-config="true" duration-ms="7964" started-at="2020-07-25T15:51:26 IST" finished-at="2020-07-25T15:51:34 IST">
          <reporter-output>
            <line>
              <![CDATA[*****Browser Session Started*****]]>
            </line>
            <line>
              <![CDATA[*****Application Started*****]]>
            </line>
          </reporter-output>
        </test-method> <!-- initiateBrowser -->
        <test-method status="FAIL" signature="test_Registration_LabelText_Matching()[pri:0, instance:Test.Platform_Sign_Up@6737fd8f]" name="test_Registration_LabelText_Matching" duration-ms="23437" started-at="2020-07-25T15:51:34 IST" description="testing the Registration form label names/elements presents" finished-at="2020-07-25T15:51:58 IST">
          <exception class="org.openqa.selenium.TimeoutException">
            <message>
              <![CDATA[Expected condition failed: waiting for visibility of Proxy element for: DefaultElementLocator 'By.xpath: /html/body/main/div/div/form/div[2]/fieldset[1]/div[1]/div[1]/span/labe' (tried for 20 second(s) with 500 milliseconds interval)]]>
            </message>
            <full-stacktrace>
              <![CDATA[org.openqa.selenium.TimeoutException: Expected condition failed: waiting for visibility of Proxy element for: DefaultElementLocator 'By.xpath: /html/body/main/div/div/form/div[2]/fieldset[1]/div[1]/div[1]/span/labe' (tried for 20 second(s) with 500 milliseconds interval)
at org.openqa.selenium.support.ui.WebDriverWait.timeoutException(WebDriverWait.java:95)
at org.openqa.selenium.support.ui.FluentWait.until(FluentWait.java:272)
at PageObjects.RegistrationPage.verifyFirstNameLabel(RegistrationPage.java:166)
at Test.Platform_Sign_Up.test_Registration_LabelText_Matching(Platform_Sign_Up.java:134)
at sun.reflect.NativeMethodAccessorImpl.invoke0(Native Method)
at sun.reflect.NativeMethodAccessorImpl.invoke(NativeMethodAccessorImpl.java:62)
at sun.reflect.DelegatingMethodAccessorImpl.invoke(DelegatingMethodAccessorImpl.java:43)
at java.lang.reflect.Method.invoke(Method.java:498)
at org.testng.internal.MethodInvocationHelper.invokeMethod(MethodInvocationHelper.java:135)
at org.testng.internal.TestInvoker.invokeMethod(TestInvoker.java:598)
at org.testng.internal.TestInvoker.invokeTestMethod(TestInvoker.java:174)
at org.testng.internal.MethodRunner.runInSequence(MethodRunner.java:46)
at org.testng.internal.TestInvoker$MethodInvocationAgent.invoke(TestInvoker.java:821)
at org.testng.internal.TestInvoker.invokeTestMethods(TestInvoker.java:147)
at org.testng.internal.TestMethodWorker.invokeTestMethods(TestMethodWorker.java:146)
at org.testng.internal.TestMethodWorker.run(TestMethodWorker.java:128)
at java.util.ArrayList.forEach(ArrayList.java:1249)
at org.testng.TestRunner.privateRun(TestRunner.java:767)
at org.testng.TestRunner.run(TestRunner.java:588)
at org.testng.SuiteRunner.runTest(SuiteRunner.java:384)
at org.testng.SuiteRunner.runSequentially(SuiteRunner.java:378)
at org.testng.SuiteRunner.privateRun(SuiteRunner.java:337)
at org.testng.SuiteRunner.run(SuiteRunner.java:286)
at org.testng.SuiteRunnerWorker.runSuite(SuiteRunnerWorker.java:53)
at org.testng.SuiteRunnerWorker.run(SuiteRunnerWorker.java:96)
at org.testng.TestNG.runSuitesSequentially(TestNG.java:1214)
at org.testng.TestNG.runSuitesLocally(TestNG.java:1136)
at org.testng.TestNG.runSuites(TestNG.java:1066)
at org.testng.TestNG.run(TestNG.java:1034)
at org.testng.remote.AbstractRemoteTestNG.run(AbstractRemoteTestNG.java:115)
at org.testng.remote.RemoteTestNG.initAndRun(RemoteTestNG.java:251)
at org.testng.remote.RemoteTestNG.main(RemoteTestNG.java:77)
Caused by: org.openqa.selenium.NoSuchElementException: no such element: Unable to locate element: {"method":"xpath","selector":"/html/body/main/div/div/form/div[2]/fieldset[1]/div[1]/div[1]/span/labe"}
  (Session info: chrome=84.0.4147.89)
For documentation on this error, please visit: https://www.seleniumhq.org/exceptions/no_such_element.html
Build info: version: '3.141.59', revision: 'e82be7d358', time: '2018-11-14T08:25:53'
System info: host: 'Rajas-MacBook-Pro.local', ip: '127.0.0.1', os.name: 'Mac OS X', os.arch: 'x86_64', os.version: '10.15.6', java.version: '1.8.0_131'
Driver info: org.openqa.selenium.chrome.ChromeDriver
Capabilities {acceptInsecureCerts: false, browserName: chrome, browserVersion: 84.0.4147.89, chrome: {chromedriverVersion: 84.0.4147.30 (48b3e868b4cc0..., userDataDir: /var/folders/7c/cqmjyhk961z...}, goog:chromeOptions: {debuggerAddress: localhost:51961}, javascriptEnabled: true, networkConnectionEnabled: false, pageLoadStrategy: normal, platform: MAC, platformName: MAC, proxy: Proxy(), setWindowRect: true, strictFileInteractability: false, timeouts: {implicit: 0, pageLoad: 300000, script: 30000}, unhandledPromptBehavior: dismiss and notify, webauthn:virtualAuthenticators: true}
Session ID: 014847a4ca06be6b642fda11ad389196
*** Element info: {Using=xpath, value=/html/body/main/div/div/form/div[2]/fieldset[1]/div[1]/div[1]/span/labe}
at sun.reflect.GeneratedConstructorAccessor15.newInstance(Unknown Source)
at sun.reflect.DelegatingConstructorAccessorImpl.newInstance(DelegatingConstructorAccessorImpl.java:45)
at java.lang.reflect.Constructor.newInstance(Constructor.java:423)
at org.openqa.selenium.remote.http.W3CHttpResponseCodec.createException(W3CHttpResponseCodec.java:187)
at org.openqa.selenium.remote.http.W3CHttpResponseCodec.decode(W3CHttpResponseCodec.java:122)
at org.openqa.selenium.remote.http.W3CHttpResponseCodec.decode(W3CHttpResponseCodec.java:49)
at org.openqa.selenium.remote.HttpCommandExecutor.execute(HttpCommandExecutor.java:158)
at org.openqa.selenium.remote.service.DriverCommandExecutor.execute(DriverCommandExecutor.java:83)
at org.openqa.selenium.remote.RemoteWebDriver.execute(RemoteWebDriver.java:552)
at org.openqa.selenium.remote.RemoteWebDriver.findElement(RemoteWebDriver.java:323)
at org.openqa.selenium.remote.RemoteWebDriver.findElementByXPath(RemoteWebDriver.java:428)
at org.openqa.selenium.By$ByXPath.findElement(By.java:353)
at org.openqa.selenium.remote.RemoteWebDriver.findElement(RemoteWebDriver.java:315)
at org.openqa.selenium.support.pagefactory.DefaultElementLocator.findElement(DefaultElementLocator.java:69)
at org.openqa.selenium.support.pagefactory.internal.LocatingElementHandler.invoke(LocatingElementHandler.java:38)
at com.sun.proxy.$Proxy11.isDisplayed(Unknown Source)
at org.openqa.selenium.support.ui.ExpectedConditions.elementIfVisible(ExpectedConditions.java:314)
at org.openqa.selenium.support.ui.ExpectedConditions.access$000(ExpectedConditions.java:43)
at org.openqa.selenium.support.ui.ExpectedConditions$10.apply(ExpectedConditions.java:300)
at org.openqa.selenium.support.ui.ExpectedConditions$10.apply(ExpectedConditions.java:297)
at org.openqa.selenium.support.ui.FluentWait.until(FluentWait.java:249)
... 30 more
]]>
            </full-stacktrace>
          </exception> <!-- org.openqa.selenium.TimeoutException -->
          <reporter-output>
          </reporter-output>
        </test-method> <!-- test_Registration_LabelText_Matching -->
        <test-method status="PASS" signature="captureScreen(org.testng.ITestResult)[pri:0, instance:Test.Platform_Sign_Up@6737fd8f]" name="captureScreen" is-config="true" duration-ms="600" started-at="2020-07-25T15:51:58 IST" finished-at="2020-07-25T15:51:58 IST">
          <params>
            <param index="0">
              <value>
                <![CDATA[[TestResult name=test_Registration_LabelText_Matching status=FAILURE method=Platform_Sign_Up.test_Registration_LabelText_Matching()[pri:0, instance:Test.Platform_Sign_Up@6737fd8f] output={null}]]]>
              </value>
            </param>
          </params>
          <reporter-output>
          </reporter-output>
        </test-method> <!-- captureScreen -->
        <test-method status="PASS" signature="quitBrowser()[pri:0, instance:Test.Platform_Sign_Up@6737fd8f]" name="quitBrowser" is-config="true" duration-ms="143" started-at="2020-07-25T15:51:58 IST" finished-at="2020-07-25T15:51:59 IST">
          <reporter-output>
            <line>
              <![CDATA[*****Browser Session Ended*****]]>
            </line>
          </reporter-output>
        </test-method> <!-- quitBrowser -->
      </class> <!-- Test.Platform_Sign_Up -->
    </test> <!-- Default test -->
  </suite> <!-- Default suite -->
</testng-results>
