<?xml version="1.0" encoding="UTF-8"?>
<!-- Generated by org.testng.reporters.JUnitXMLReporter -->
<testsuite hostname="Rajas-MacBook-Pro.local" ignored="0" name="Test" tests="7" failures="1" timestamp="2020-07-26T17:16:16 IST" time="103.483" errors="0">
  <testcase name="@AfterMethod manageCookie" time="0.001" classname="Test.TestBase">
    <failure type="java.lang.NullPointerException">
      <![CDATA[java.lang.NullPointerException
at org.openqa.selenium.remote.RemoteWebDriver$RemoteWebDriverOptions.addCookie(RemoteWebDriver.java:681)
at Test.TestBase.manageCookie(TestBase.java:92)
at java.util.ArrayList.forEach(ArrayList.java:1249)
... Removed 32 stack frames]]>
    </failure>
  </testcase> <!-- @AfterMethod manageCookie -->
  <testcase name="@AfterMethod quitBrowser" time="-1.595763912854E9" classname="Test.TestBase">
    <skipped/>
  </testcase> <!-- @AfterMethod quitBrowser -->
  <testcase name="@BeforeMethod initiateBrowser" time="-1.595763912857E9" classname="Test.TestBase">
    <skipped/>
  </testcase> <!-- @BeforeMethod initiateBrowser -->
  <testcase name="@AfterMethod captureScreen" time="-1.595763943176E9" classname="Test.TestBase">
    <skipped/>
  </testcase> <!-- @AfterMethod captureScreen -->
  <testcase name="@AfterMethod manageCookie" time="-1.595763943178E9" classname="Test.TestBase">
    <skipped/>
  </testcase> <!-- @AfterMethod manageCookie -->
  <testcase name="@AfterMethod quitBrowser" time="-1.595763943179E9" classname="Test.TestBase">
    <skipped/>
  </testcase> <!-- @AfterMethod quitBrowser -->
  <testcase name="@BeforeMethod initiateBrowser" time="-1.595763943181E9" classname="Test.TestBase">
    <skipped/>
  </testcase> <!-- @BeforeMethod initiateBrowser -->
  <testcase name="@AfterMethod captureScreen" time="-1.59576397359E9" classname="Test.TestBase">
    <skipped/>
  </testcase> <!-- @AfterMethod captureScreen -->
  <testcase name="@AfterMethod manageCookie" time="-1.595763973592E9" classname="Test.TestBase">
    <skipped/>
  </testcase> <!-- @AfterMethod manageCookie -->
  <testcase name="@AfterMethod quitBrowser" time="-1.595763973594E9" classname="Test.TestBase">
    <skipped/>
  </testcase> <!-- @AfterMethod quitBrowser -->
  <testcase name="@BeforeMethod initiateBrowser" time="-1.595763975511E9" classname="Test.TestBase">
    <skipped/>
  </testcase> <!-- @BeforeMethod initiateBrowser -->
  <testcase name="@AfterMethod captureScreen" time="-1.595763975531E9" classname="Test.TestBase">
    <skipped/>
  </testcase> <!-- @AfterMethod captureScreen -->
  <testcase name="@AfterMethod manageCookie" time="-1.595763975533E9" classname="Test.TestBase">
    <skipped/>
  </testcase> <!-- @AfterMethod manageCookie -->
  <testcase name="@AfterMethod quitBrowser" time="-1.595763975535E9" classname="Test.TestBase">
    <skipped/>
  </testcase> <!-- @AfterMethod quitBrowser -->
  <testcase name="@BeforeMethod initiateBrowser" time="-1.59576397556E9" classname="Test.TestBase">
    <skipped/>
  </testcase> <!-- @BeforeMethod initiateBrowser -->
  <testcase name="@AfterMethod captureScreen" time="-1.59576397557E9" classname="Test.TestBase">
    <skipped/>
  </testcase> <!-- @AfterMethod captureScreen -->
  <testcase name="@AfterMethod manageCookie" time="-1.595763975571E9" classname="Test.TestBase">
    <skipped/>
  </testcase> <!-- @AfterMethod manageCookie -->
  <testcase name="@AfterMethod quitBrowser" time="-1.595763975573E9" classname="Test.TestBase">
    <skipped/>
  </testcase> <!-- @AfterMethod quitBrowser -->
  <testcase name="@BeforeMethod initiateBrowser" time="-1.595763975575E9" classname="Test.TestBase">
    <skipped/>
  </testcase> <!-- @BeforeMethod initiateBrowser -->
  <testcase name="@AfterMethod captureScreen" time="-1.595763975586E9" classname="Test.TestBase">
    <skipped/>
  </testcase> <!-- @AfterMethod captureScreen -->
  <testcase name="@AfterMethod manageCookie" time="-1.59576397559E9" classname="Test.TestBase">
    <skipped/>
  </testcase> <!-- @AfterMethod manageCookie -->
  <testcase name="@AfterMethod quitBrowser" time="-1.595763975591E9" classname="Test.TestBase">
    <skipped/>
  </testcase> <!-- @AfterMethod quitBrowser -->
  <testcase name="@BeforeMethod initiateBrowser" time="-1.595763975595E9" classname="Test.TestBase">
    <skipped/>
  </testcase> <!-- @BeforeMethod initiateBrowser -->
  <testcase name="@AfterMethod captureScreen" time="-1.595763975607E9" classname="Test.TestBase">
    <skipped/>
  </testcase> <!-- @AfterMethod captureScreen -->
  <testcase name="@AfterMethod manageCookie" time="-1.595763975607E9" classname="Test.TestBase">
    <skipped/>
  </testcase> <!-- @AfterMethod manageCookie -->
  <testcase name="@AfterMethod quitBrowser" time="-1.595763975612E9" classname="Test.TestBase">
    <skipped/>
  </testcase> <!-- @AfterMethod quitBrowser -->
  <testcase name="test_Platform_Sign_Up" time="31.277" classname="Test.Platform_Sign_Up">
    <skipped/>
  </testcase> <!-- test_Platform_Sign_Up -->
  <testcase name="test_Platform_Sign_Up" time="30.312" classname="Test.Platform_Sign_Up">
    <skipped/>
  </testcase> <!-- test_Platform_Sign_Up -->
  <testcase name="test_Platform_Sign_Up" time="30.401" classname="Test.Platform_Sign_Up">
    <failure type="org.openqa.selenium.TimeoutException" message="Expected condition failed: waiting for element to be clickable: Proxy element for: DefaultElementLocator &amp;apos;By.xpath: //div[contains(text(),&amp;apos;OK&amp;apos;)]&amp;apos; (tried for 30 second(s) with 500 milliseconds interval)">
      <![CDATA[org.openqa.selenium.TimeoutException: Expected condition failed: waiting for element to be clickable: Proxy element for: DefaultElementLocator 'By.xpath: //div[contains(text(),'OK')]' (tried for 30 second(s) with 500 milliseconds interval)
at org.openqa.selenium.support.ui.WebDriverWait.timeoutException(WebDriverWait.java:95)
at org.openqa.selenium.support.ui.FluentWait.until(FluentWait.java:272)
at PageObjects.HomePage.clickOnCookieOKButton(HomePage.java:34)
at Test.Platform_Sign_Up.test_Platform_Sign_Up(Platform_Sign_Up.java:29)
at java.util.ArrayList.forEach(ArrayList.java:1249)
Caused by: org.openqa.selenium.NoSuchElementException: no such element: Unable to locate element: {"method":"xpath","selector":"//div[contains(text(),'OK')]"}
  (Session info: chrome=84.0.4147.89)
For documentation on this error, please visit: https://www.seleniumhq.org/exceptions/no_such_element.html
Build info: version: '3.141.59', revision: 'e82be7d358', time: '2018-11-14T08:25:53'
System info: host: 'Rajas-MacBook-Pro.local', ip: '127.0.0.1', os.name: 'Mac OS X', os.arch: 'x86_64', os.version: '10.15.6', java.version: '1.8.0_131'
Driver info: org.openqa.selenium.remote.RemoteWebDriver
Capabilities {acceptInsecureCerts: false, browserName: chrome, browserVersion: 84.0.4147.89, chrome: {chromedriverVersion: 84.0.4147.30 (48b3e868b4cc0..., userDataDir: /tmp/.com.google.Chrome.YLwo5t}, goog:chromeOptions: {debuggerAddress: localhost:44617}, javascriptEnabled: true, networkConnectionEnabled: false, pageLoadStrategy: normal, platform: LINUX, platformName: LINUX, proxy: Proxy(), setWindowRect: true, strictFileInteractability: false, timeouts: {implicit: 0, pageLoad: 300000, script: 30000}, unhandledPromptBehavior: dismiss and notify, webauthn:virtualAuthenticators: true, webdriver.remote.sessionid: bdde91a8b8ce719e7d313aa7c32...}
Session ID: bdde91a8b8ce719e7d313aa7c32e068a
*** Element info: {Using=xpath, value=//div[contains(text(),'OK')]}
at org.openqa.selenium.remote.http.W3CHttpResponseCodec.createException(W3CHttpResponseCodec.java:187)
at org.openqa.selenium.remote.http.W3CHttpResponseCodec.decode(W3CHttpResponseCodec.java:122)
at org.openqa.selenium.remote.http.W3CHttpResponseCodec.decode(W3CHttpResponseCodec.java:49)
at org.openqa.selenium.remote.HttpCommandExecutor.execute(HttpCommandExecutor.java:158)
at org.openqa.selenium.remote.RemoteWebDriver.execute(RemoteWebDriver.java:552)
at org.openqa.selenium.remote.RemoteWebDriver.findElement(RemoteWebDriver.java:323)
at org.openqa.selenium.remote.RemoteWebDriver.findElementByXPath(RemoteWebDriver.java:428)
at org.openqa.selenium.By$ByXPath.findElement(By.java:353)
at org.openqa.selenium.remote.RemoteWebDriver.findElement(RemoteWebDriver.java:315)
at org.openqa.selenium.support.pagefactory.DefaultElementLocator.findElement(DefaultElementLocator.java:69)
at org.openqa.selenium.support.pagefactory.internal.LocatingElementHandler.invoke(LocatingElementHandler.java:38)
at com.sun.proxy.$Proxy11.isDisplayed(Unknown Source)
at org.openqa.selenium.support.ui.ExpectedConditions.elementIfVisible(ExpectedConditions.java:314)
at org.openqa.selenium.support.ui.ExpectedConditions.access$000(ExpectedConditions.java:43)
at org.openqa.selenium.support.ui.ExpectedConditions$10.apply(ExpectedConditions.java:300)
at org.openqa.selenium.support.ui.ExpectedConditions$10.apply(ExpectedConditions.java:297)
at org.openqa.selenium.support.ui.ExpectedConditions$23.apply(ExpectedConditions.java:670)
at org.openqa.selenium.support.ui.ExpectedConditions$23.apply(ExpectedConditions.java:666)
at org.openqa.selenium.support.ui.FluentWait.until(FluentWait.java:249)
... 30 more
... Removed 30 stack frames]]>
    </failure>
  </testcase> <!-- test_Platform_Sign_Up -->
  <testcase name="test_Platform_Sign_Up_With_Excel_Reader" time="0.0" classname="Test.Platform_Sign_Up">
    <skipped/>
  </testcase> <!-- test_Platform_Sign_Up_With_Excel_Reader -->
  <testcase name="test_Platform_Sign_Up_With_Excel_Reader" time="0.0" classname="Test.Platform_Sign_Up">
    <skipped/>
  </testcase> <!-- test_Platform_Sign_Up_With_Excel_Reader -->
  <testcase name="test_Registartion_Error_Messages" time="0.0" classname="Test.Platform_Sign_Up">
    <skipped/>
  </testcase> <!-- test_Registartion_Error_Messages -->
  <testcase name="test_Registration_LabelText_Matching" time="0.0" classname="Test.Platform_Sign_Up">
    <skipped/>
  </testcase> <!-- test_Registration_LabelText_Matching -->
</testsuite> <!-- Test -->
